<?xml version="1.0" encoding="UTF-8"?>
<!-- Generated by org.testng.reporters.JUnitReportReporter -->
<testsuite name="tests_To_Be_Executed.Tests" tests="1" time="11.293" ignored="0" failures="0" timestamp="31 Jul 2017 13:03:58 GMT" skipped="0" hostname="DESKTOP-CHKS3B8" errors="0">
  <testcase name="addition" time="11.293" classname="tests_To_Be_Executed.Tests"/>
</testsuite> <!-- tests_To_Be_Executed.Tests -->
