<?xml version="1.0" encoding="UTF-8"?>
<!-- Generated by org.testng.reporters.JUnitReportReporter -->
<testsuite name="tests_To_Be_Executed.Tests" tests="2" time="17.192" ignored="0" failures="0" timestamp="08 Aug 2017 13:40:16 GMT" skipped="0" hostname="DESKTOP-CHKS3B8" errors="0">
  <testcase name="Addition" time="10.615" classname="tests_To_Be_Executed.Tests"/>
  <testcase name="Multiply" time="6.577" classname="tests_To_Be_Executed.Tests"/>
</testsuite> <!-- tests_To_Be_Executed.Tests -->
